<?xml version="1.0" encoding="UTF-8"?>
<testng-results ignored="0" total="1" passed="1" failed="0" skipped="0">
  <reporter-output>
  </reporter-output>
  <suite started-at="2025-10-19T20:24:47 IST" name="Default suite" finished-at="2025-10-19T20:24:50 IST" duration-ms="3273">
    <groups>
    </groups>
    <test started-at="2025-10-19T20:24:47 IST" name="Default test" finished-at="2025-10-19T20:24:50 IST" duration-ms="3273">
      <class name="requestBody.newRequest">
        <test-method signature="reqBody()[pri:0, instance:requestBody.newRequest@712625fd]" started-at="2025-10-19T20:24:47 IST" name="reqBody" finished-at="2025-10-19T20:24:50 IST" duration-ms="3216" status="PASS">
          <reporter-output>
          </reporter-output>
        </test-method> <!-- reqBody -->
      </class> <!-- requestBody.newRequest -->
    </test> <!-- Default test -->
  </suite> <!-- Default suite -->
</testng-results>
